{
  "stats": {
    "suites": 3,
    "tests": 8,
    "passes": 8,
    "pending": 0,
    "failures": 0,
    "start": "2019-11-08T13:13:57.432Z",
    "end": "2019-11-08T13:14:00.612Z",
    "duration": 3180,
    "testsRegistered": 8,
    "passPercent": 100,
    "pendingPercent": 0,
    "other": 0,
    "hasOther": false,
    "skipped": 0,
    "hasSkipped": false
  },
  "results": [
    {
      "uuid": "36281d43-c3cb-475f-a521-f3a491a5a666",
      "title": "",
      "fullFile": "",
      "file": "",
      "beforeHooks": [],
      "afterHooks": [],
      "tests": [],
      "suites": [
        {
          "uuid": "bd6c24b5-64aa-4788-bdbe-999c969a6d10",
          "title": "Assertions",
          "fullFile": "",
          "file": "",
          "beforeHooks": [],
          "afterHooks": [],
          "tests": [],
          "suites": [
            {
              "uuid": "b0301648-14d6-4fe0-bc92-f1c2ff75f4a9",
              "title": "Implicit Assertions",
              "fullFile": "",
              "file": "",
              "beforeHooks": [],
              "afterHooks": [],
              "tests": [
                {
                  "title": ".should() - make an assertion about the current subject",
                  "fullTitle": "Assertions Implicit Assertions .should() - make an assertion about the current subject",
                  "timedOut": null,
                  "duration": 591,
                  "state": "passed",
                  "speed": "slow",
                  "pass": true,
                  "fail": false,
                  "pending": false,
                  "context": null,
                  "code": "// https://on.cypress.io/should\ncy.get('.assertion-table').find('tbody tr:last').should('have.class', 'success').find('td').first() // checking the text of the <td> element in various ways\n.should('have.text', 'Column content').should('contain', 'Column content').should('have.html', 'Column content') // chai-jquery uses \"is()\" to check if element matches selector\n.should('match', 'td') // to match text content against a regular expression\n// first need to invoke jQuery method text()\n// and then match using regular expression\n.invoke('text').should('match', /column content/i); // a better way to check element's text content against a regular expression\n// is to use \"cy.contains\"\n// https://on.cypress.io/contains\ncy.get('.assertion-table').find('tbody tr:last') // finds first <td> element with text content matching regular expression\n.contains('td', /column content/i).should('be.visible'); // for more information about asserting element's text\n// see https://on.cypress.io/using-cypress-faq#How-do-I-get-an-element’s-text-contents",
                  "err": {},
                  "uuid": "76c7eee8-4b4f-4020-9276-b62bc04c1df2",
                  "parentUUID": "b0301648-14d6-4fe0-bc92-f1c2ff75f4a9",
                  "isHook": false,
                  "skipped": false
                },
                {
                  "title": ".and() - chain multiple assertions together",
                  "fullTitle": "Assertions Implicit Assertions .and() - chain multiple assertions together",
                  "timedOut": null,
                  "duration": 305,
                  "state": "passed",
                  "speed": "slow",
                  "pass": true,
                  "fail": false,
                  "pending": false,
                  "context": null,
                  "code": "// https://on.cypress.io/and\ncy.get('.assertions-link').should('have.class', 'active').and('have.attr', 'href').and('include', 'cypress.io');",
                  "err": {},
                  "uuid": "1fafb587-044b-41a5-85fb-d8a7cdb0e03b",
                  "parentUUID": "b0301648-14d6-4fe0-bc92-f1c2ff75f4a9",
                  "isHook": false,
                  "skipped": false
                }
              ],
              "suites": [],
              "passes": [
                "76c7eee8-4b4f-4020-9276-b62bc04c1df2",
                "1fafb587-044b-41a5-85fb-d8a7cdb0e03b"
              ],
              "failures": [],
              "pending": [],
              "skipped": [],
              "duration": 896,
              "root": false,
              "rootEmpty": false,
              "_timeout": 2000
            },
            {
              "uuid": "a39990ba-fb1b-401e-8bff-0003da1b9014",
              "title": "Explicit Assertions",
              "fullFile": "",
              "file": "",
              "beforeHooks": [],
              "afterHooks": [],
              "tests": [
                {
                  "title": "expect - make an assertion about a specified subject",
                  "fullTitle": "Assertions Explicit Assertions expect - make an assertion about a specified subject",
                  "timedOut": null,
                  "duration": 208,
                  "state": "passed",
                  "speed": "slow",
                  "pass": true,
                  "fail": false,
                  "pending": false,
                  "context": null,
                  "code": "// We can use Chai's BDD style assertions\nexpect(true).to.be.true;\nvar o = {\n  foo: 'bar'\n};\nexpect(o).to.equal(o);\nexpect(o).to.deep.equal({\n  foo: 'bar'\n}); // matching text using regular expression\nexpect('FooBar').to.match(/bar$/i);",
                  "err": {},
                  "uuid": "2594a94b-1e93-430b-8a3a-84c013872072",
                  "parentUUID": "a39990ba-fb1b-401e-8bff-0003da1b9014",
                  "isHook": false,
                  "skipped": false
                },
                {
                  "title": "pass your own callback function to should()",
                  "fullTitle": "Assertions Explicit Assertions pass your own callback function to should()",
                  "timedOut": null,
                  "duration": 206,
                  "state": "passed",
                  "speed": "slow",
                  "pass": true,
                  "fail": false,
                  "pending": false,
                  "context": null,
                  "code": "// Pass a function to should that can have any number\n// of explicit assertions within it.\n// The \".should(cb)\" function will be retried\n// automatically until it passes all your explicit assertions or times out.\ncy.get('.assertions-p').find('p').should(function ($p) {\n  // https://on.cypress.io/$\n  // return an array of texts from all of the p's\n  // @ts-ignore TS6133 unused variable\n  var texts = $p.map(function (i, el) {\n    return Cypress.$(el).text();\n  }); // jquery map returns jquery object\n  // and .get() convert this to simple array\n  var paragraphs = texts.get(); // array should have length of 3\n  expect(paragraphs, 'has 3 paragraphs').to.have.length(3); // use second argument to expect(...) to provide clear\n  // message with each assertion\n  expect(paragraphs, 'has expected text in each paragraph').to.deep.eq(['Some text from first p', 'More text from second p', 'And even more text from third p']);\n});",
                  "err": {},
                  "uuid": "b893d3d2-a583-4fda-bc0d-fc59e9c672bf",
                  "parentUUID": "a39990ba-fb1b-401e-8bff-0003da1b9014",
                  "isHook": false,
                  "skipped": false
                },
                {
                  "title": "finds element by class name regex",
                  "fullTitle": "Assertions Explicit Assertions finds element by class name regex",
                  "timedOut": null,
                  "duration": 196,
                  "state": "passed",
                  "speed": "slow",
                  "pass": true,
                  "fail": false,
                  "pending": false,
                  "context": null,
                  "code": "cy.get('.docs-header').find('div') // .should(cb) callback function will be retried\n.should(function ($div) {\n  expect($div).to.have.length(1);\n  var className = $div[0].className;\n  expect(className).to.match(/heading-/);\n}) // .then(cb) callback is not retried,\n// it either passes or fails\n.then(function ($div) {\n  expect($div, 'text content').to.have.text('Introduction');\n});",
                  "err": {},
                  "uuid": "a9d79aff-b61c-4863-95f2-216dc2dfa46a",
                  "parentUUID": "a39990ba-fb1b-401e-8bff-0003da1b9014",
                  "isHook": false,
                  "skipped": false
                },
                {
                  "title": "can throw any error",
                  "fullTitle": "Assertions Explicit Assertions can throw any error",
                  "timedOut": null,
                  "duration": 181,
                  "state": "passed",
                  "speed": "slow",
                  "pass": true,
                  "fail": false,
                  "pending": false,
                  "context": null,
                  "code": "cy.get('.docs-header').find('div').should(function ($div) {\n  if ($div.length !== 1) {\n    // you can throw your own errors\n    throw new Error('Did not find 1 element');\n  }\n  var className = $div[0].className;\n  if (!className.match(/heading-/)) {\n    throw new Error(\"Could not find class \\\"heading-\\\" in \".concat(className));\n  }\n});",
                  "err": {},
                  "uuid": "8794fb4c-97dd-4faa-9ddb-550833aa6851",
                  "parentUUID": "a39990ba-fb1b-401e-8bff-0003da1b9014",
                  "isHook": false,
                  "skipped": false
                },
                {
                  "title": "matches unknown text between two elements",
                  "fullTitle": "Assertions Explicit Assertions matches unknown text between two elements",
                  "timedOut": null,
                  "duration": 219,
                  "state": "passed",
                  "speed": "slow",
                  "pass": true,
                  "fail": false,
                  "pending": false,
                  "context": null,
                  "code": "/**\n * Text from the first element.\n * @type {string}\n*/\nvar text;\n/**\n * Normalizes passed text,\n * useful before comparing text with spaces and different capitalization.\n * @param {string} s Text to normalize\n*/\nvar normalizeText = function normalizeText(s) {\n  return s.replace(/\\s/g, '').toLowerCase();\n};\ncy.get('.two-elements').find('.first').then(function ($first) {\n  // save text from the first element\n  text = normalizeText($first.text());\n});\ncy.get('.two-elements').find('.second').should(function ($div) {\n  // we can massage text before comparing\n  var secondText = normalizeText($div.text());\n  expect(secondText, 'second text').to.equal(text);\n});",
                  "err": {},
                  "uuid": "4b73a42c-22e8-4820-b5d2-581a2b3a4892",
                  "parentUUID": "a39990ba-fb1b-401e-8bff-0003da1b9014",
                  "isHook": false,
                  "skipped": false
                },
                {
                  "title": "assert - assert shape of an object",
                  "fullTitle": "Assertions Explicit Assertions assert - assert shape of an object",
                  "timedOut": null,
                  "duration": 186,
                  "state": "passed",
                  "speed": "slow",
                  "pass": true,
                  "fail": false,
                  "pending": false,
                  "context": null,
                  "code": "var person = {\n  name: 'Joe',\n  age: 20\n};\nassert.isObject(person, 'value is object');",
                  "err": {},
                  "uuid": "c6cf86d3-7d90-48b4-8f4a-0b69751755df",
                  "parentUUID": "a39990ba-fb1b-401e-8bff-0003da1b9014",
                  "isHook": false,
                  "skipped": false
                }
              ],
              "suites": [],
              "passes": [
                "2594a94b-1e93-430b-8a3a-84c013872072",
                "b893d3d2-a583-4fda-bc0d-fc59e9c672bf",
                "a9d79aff-b61c-4863-95f2-216dc2dfa46a",
                "8794fb4c-97dd-4faa-9ddb-550833aa6851",
                "4b73a42c-22e8-4820-b5d2-581a2b3a4892",
                "c6cf86d3-7d90-48b4-8f4a-0b69751755df"
              ],
              "failures": [],
              "pending": [],
              "skipped": [],
              "duration": 1196,
              "root": false,
              "rootEmpty": false,
              "_timeout": 2000
            }
          ],
          "passes": [],
          "failures": [],
          "pending": [],
          "skipped": [],
          "duration": 0,
          "root": false,
          "rootEmpty": false,
          "_timeout": 2000
        }
      ],
      "passes": [],
      "failures": [],
      "pending": [],
      "skipped": [],
      "duration": 0,
      "root": true,
      "rootEmpty": true,
      "_timeout": 2000
    }
  ],
  "meta": {
    "mocha": {
      "version": "5.2.0"
    },
    "mochawesome": {
      "options": {
        "quiet": false,
        "reportFilename": "mochawesome",
        "saveHtml": false,
        "saveJson": true,
        "consoleReporter": "spec",
        "useInlineDiffs": false
      },
      "version": "4.1.0"
    },
    "marge": {
      "options": {
        "reportDir": "cypress/results",
        "overwrite": false,
        "html": false,
        "json": true
      },
      "version": "4.0.1"
    }
  }
}